Code/app/build/intermediates/manifest_merge_blame_file/debug/manifest-merger-blame-debug-report.txt
1<?xml version="1.0" encoding="utf-8"?>
2<manifest xmlns:android="http://schemas.android.com/apk/res/android"
3    package="com.spkt.app_student_attendance"
4    android:versionCode="1"
5    android:versionName="1.0" >
6
7    <uses-sdk
8        android:minSdkVersion="19"
8-->src\main\AndroidManifest.xml
9        android:targetSdkVersion="30" />
9-->src\main\AndroidManifest.xml
10
11    <uses-permission android:name="android.permission.INTERNET" />
11-->src\main\AndroidManifest.xml:4:5-66
11-->src\main\AndroidManifest.xml:4:22-64
12    <uses-permission android:name="android.permission.CALL_PHONE" />
12-->src\main\AndroidManifest.xml:5:5-69
12-->src\main\AndroidManifest.xml:5:22-66
13    <uses-permission android:name="android.permission.CAMERA" />
13-->src\main\AndroidManifest.xml:6:5-65
13-->src\main\AndroidManifest.xml:6:22-62
14    <uses-permission
14-->src\main\AndroidManifest.xml:7:5-86
15        android:name="org.apache.http.legacy"
15-->src\main\AndroidManifest.xml:7:22-59
16        android:required="false" />
16-->src\main\AndroidManifest.xml:7:60-84
17
18    <uses-feature android:name="android.hardware.camera" />
18-->[info.androidhive:barcode-reader:1.1.2] AndroidManifest.xml:13:5-60
18-->[info.androidhive:barcode-reader:1.1.2] AndroidManifest.xml:13:19-57
19
20    <application
20-->src\main\AndroidManifest.xml:9:5-44:19
21        android:allowBackup="true"
21-->src\main\AndroidManifest.xml:11:9-35
22        android:appComponentFactory="androidx.core.app.CoreComponentFactory"
22-->[androidx.core:core:1.3.1] AndroidManifest.xml:24:18-86
23        android:debuggable="true"
24        android:icon="@mipmap/ic_launcher"
24-->src\main\AndroidManifest.xml:12:9-43
25        android:label="@string/app_name"
25-->src\main\AndroidManifest.xml:13:9-41
26        android:networkSecurityConfig="@xml/network_security_config"
26-->src\main\AndroidManifest.xml:10:9-69
27        android:requestLegacyExternalStorage="true"
27-->src\main\AndroidManifest.xml:16:9-52
28        android:roundIcon="@mipmap/ic_launcher_round"
28-->src\main\AndroidManifest.xml:14:9-54
29        android:supportsRtl="true"
29-->src\main\AndroidManifest.xml:15:9-35
30        android:testOnly="true"
31        android:theme="@style/Theme.App_student_attendance"
31-->src\main\AndroidManifest.xml:18:9-60
32        android:usesCleartextTraffic="true" >
32-->src\main\AndroidManifest.xml:17:9-44
33        <activity
33-->src\main\AndroidManifest.xml:19:9-28:20
34            android:name="com.spkt.app_student_attendance.LoginActivity"
34-->src\main\AndroidManifest.xml:19:19-48
35            android:theme="@style/Theme.Design.Light.NoActionBar" >
35-->src\main\AndroidManifest.xml:20:13-66
36            <intent-filter>
36-->src\main\AndroidManifest.xml:21:13-24:29
37                <action android:name="android.intent.action.MAIN" />
37-->src\main\AndroidManifest.xml:22:17-69
37-->src\main\AndroidManifest.xml:22:25-66
38
39                <category android:name="android.intent.category.LAUNCHER" />
39-->src\main\AndroidManifest.xml:23:17-77
39-->src\main\AndroidManifest.xml:23:27-74
40            </intent-filter>
41
42            <meta-data
42-->src\main\AndroidManifest.xml:25:13-27:61
43                android:name="preloaded_fonts"
43-->src\main\AndroidManifest.xml:26:17-47
44                android:resource="@array/preloaded_fonts" />
44-->src\main\AndroidManifest.xml:27:17-58
45        </activity>
46        <activity
46-->src\main\AndroidManifest.xml:29:9-31:20
47            android:name="com.spkt.app_student_attendance.StudentActivity"
47-->src\main\AndroidManifest.xml:29:19-50
48            android:theme="@style/Theme.Design.Light.NoActionBar" >
48-->src\main\AndroidManifest.xml:30:13-66
49        </activity>
50        <activity
50-->src\main\AndroidManifest.xml:32:9-34:20
51            android:name="com.spkt.app_student_attendance.AdminActivity"
51-->src\main\AndroidManifest.xml:32:19-48
52            android:theme="@style/Theme.Design.Light.NoActionBar" >
52-->src\main\AndroidManifest.xml:33:13-66
53        </activity>
54        <activity
54-->src\main\AndroidManifest.xml:35:9-37:20
55            android:name="com.spkt.app_student_attendance.TeacherActivity"
55-->src\main\AndroidManifest.xml:35:19-50
56            android:theme="@style/Theme.Design.Light.NoActionBar" >
56-->src\main\AndroidManifest.xml:36:13-66
57        </activity>
58        <activity
58-->src\main\AndroidManifest.xml:38:9-40:20
59            android:name="com.spkt.app_student_attendance.Forgotpassword"
59-->src\main\AndroidManifest.xml:38:19-49
60            android:theme="@style/Theme.Design.Light.NoActionBar" >
60-->src\main\AndroidManifest.xml:39:13-66
61        </activity>
62        <activity
62-->src\main\AndroidManifest.xml:41:9-43:20
63            android:name="com.spkt.app_student_attendance.AttendenceStudent"
63-->src\main\AndroidManifest.xml:41:19-52
64            android:theme="@style/Theme.Design.Light.NoActionBar" >
64-->src\main\AndroidManifest.xml:42:13-66
65        </activity>
66        <activity
66-->[com.google.android.gms:play-services-base:11.0.2] AndroidManifest.xml:19:9-172
67            android:name="com.google.android.gms.common.api.GoogleApiActivity"
67-->[com.google.android.gms:play-services-base:11.0.2] AndroidManifest.xml:19:19-85
68            android:exported="false"
68-->[com.google.android.gms:play-services-base:11.0.2] AndroidManifest.xml:19:146-170
69            android:theme="@android:style/Theme.Translucent.NoTitleBar" />
69-->[com.google.android.gms:play-services-base:11.0.2] AndroidManifest.xml:19:86-145
70
71        <meta-data
71-->[com.google.android.gms:play-services-basement:11.0.2] AndroidManifest.xml:20:9-121
72            android:name="com.google.android.gms.version"
72-->[com.google.android.gms:play-services-basement:11.0.2] AndroidManifest.xml:20:20-65
73            android:value="@integer/google_play_services_version" />
73-->[com.google.android.gms:play-services-basement:11.0.2] AndroidManifest.xml:20:66-119
74    </application>
75
76</manifest>